2026-03-16 13:21:54,391 [trainer.py] => prefix: reproduce
2026-03-16 13:21:54,391 [trainer.py] => dataset: deforest_dil
2026-03-16 13:21:54,391 [trainer.py] => data_path: /home/rizal/rizal_projects/DeforestDIL/datasets/deforest_dil
2026-03-16 13:21:54,391 [trainer.py] => memory_size: 0
2026-03-16 13:21:54,391 [trainer.py] => memory_per_class: 0
2026-03-16 13:21:54,391 [trainer.py] => fixed_memory: True
2026-03-16 13:21:54,391 [trainer.py] => shuffle: False
2026-03-16 13:21:54,391 [trainer.py] => init_cls: 6
2026-03-16 13:21:54,391 [trainer.py] => increment: 6
2026-03-16 13:21:54,391 [trainer.py] => model_name: dce
2026-03-16 13:21:54,391 [trainer.py] => net_type: dce
2026-03-16 13:21:54,391 [trainer.py] => embd_dim: 768
2026-03-16 13:21:54,391 [trainer.py] => prompt_length: 10
2026-03-16 13:21:54,391 [trainer.py] => total_sessions: 6
2026-03-16 13:21:54,392 [trainer.py] => device: [device(type='cuda')]
2026-03-16 13:21:54,392 [trainer.py] => seed: 1993
2026-03-16 13:21:54,392 [trainer.py] => EPSILON: 1e-08
2026-03-16 13:21:54,392 [trainer.py] => init_epoch: 30
2026-03-16 13:21:54,392 [trainer.py] => init_lr: 0.01
2026-03-16 13:21:54,392 [trainer.py] => init_lr_decay: 0.1
2026-03-16 13:21:54,392 [trainer.py] => init_weight_decay: 0.0005
2026-03-16 13:21:54,392 [trainer.py] => epochs: 20
2026-03-16 13:21:54,392 [trainer.py] => lrate: 0.01
2026-03-16 13:21:54,392 [trainer.py] => lrate_decay: 0.1
2026-03-16 13:21:54,392 [trainer.py] => batch_size: 128
2026-03-16 13:21:54,392 [trainer.py] => weight_decay: 0.0002
2026-03-16 13:21:54,392 [trainer.py] => num_workers: 8
2026-03-16 13:21:54,392 [trainer.py] => loss_type: ce
2026-03-16 13:21:54,392 [trainer.py] => config: configs/deforest_dil.json
2026-03-16 13:21:54,392 [trainer.py] => project_name: 
2026-03-16 13:21:54,392 [trainer.py] => order: 1
2026-03-16 13:21:54,393 [trainer.py] => logdir: logs_default
2026-03-16 13:21:54,393 [trainer.py] => temp: 1
2026-03-16 13:21:54,393 [trainer.py] => bal_epoch: 10
2026-03-16 13:21:54,393 [trainer.py] => prompt_type: one
2026-03-16 13:21:54,393 [trainer.py] => margin_sample_num: 10
2026-03-16 13:21:54,393 [trainer.py] => 21k: 0
2026-03-16 13:21:54,393 [trainer.py] => save_model: 0
2026-03-16 13:21:54,393 [trainer.py] => out_dir: /home/rizal/rizal_projects/DCE/wandb/offline-run-20260316_132154-1lvbgpwm/files
2026-03-16 13:21:54,452 [data_manager.py] => [0, 1, 2, 3, 4, 5, 6, 7, 8, 9, 10, 11, 12, 13, 14, 15, 16, 17, 18, 19, 20, 21, 22, 23, 24, 25, 26, 27, 28, 29]
2026-03-16 13:21:54,858 [_builder.py] => Loading pretrained weights from Hugging Face hub (timm/vit_base_patch16_224.augreg2_in21k_ft_in1k)
2026-03-16 13:21:55,149 [_client.py] => HTTP Request: HEAD https://huggingface.co/timm/vit_base_patch16_224.augreg2_in21k_ft_in1k/resolve/main/model.safetensors "HTTP/1.1 302 Found"
2026-03-16 13:21:55,150 [_hub.py] => [timm/vit_base_patch16_224.augreg2_in21k_ft_in1k] Safe alternative available for 'pytorch_model.bin' (as 'model.safetensors'). Loading weights using safetensors.
2026-03-16 13:21:55,170 [_builder.py] => Missing keys (cls_token_grow, pos_embed_grow) discovered while loading pretrained weights. This is expected if model is being adapted.
2026-03-16 13:21:55,224 [trainer.py] => All params: 107321338
2026-03-16 13:21:55,224 [trainer.py] => Trainable params: 107321338
2026-03-16 13:21:55,225 [dce.py] => Learning on 0-6
2026-03-16 13:25:15,924 [dce.py] => Task 0, Epoch 5/30 => Loss 3.115, Train_accy 57.98, Test_accy 44.33, Test_domain_accy 44.33
2026-03-16 13:28:36,947 [dce.py] => Task 0, Epoch 10/30 => Loss 2.970, Train_accy 60.37, Test_accy 53.58, Test_domain_accy 53.58
2026-03-16 13:31:58,040 [dce.py] => Task 0, Epoch 15/30 => Loss 2.863, Train_accy 62.02, Test_accy 51.23, Test_domain_accy 51.23
2026-03-16 13:35:19,266 [dce.py] => Task 0, Epoch 20/30 => Loss 2.704, Train_accy 64.67, Test_accy 49.53, Test_domain_accy 49.53
2026-03-16 13:38:40,506 [dce.py] => Task 0, Epoch 25/30 => Loss 2.541, Train_accy 67.45, Test_accy 50.44, Test_domain_accy 50.44
2026-03-16 13:42:01,810 [dce.py] => Task 0, Epoch 30/30 => Loss 2.473, Train_accy 68.34, Test_accy 50.59, Test_domain_accy 50.59
2026-03-16 13:42:01,814 [dce.py] => Task 0, Epoch 30/30 => Loss 2.473, Train_accy 68.34, Test_accy 50.59, Test_domain_accy 50.59
2026-03-16 13:42:28,153 [dce.py] => Stage2 Task 0 => Loss 2.556, Test_accy 44.980
2026-03-16 13:42:33,543 [dce.py] => Stage2 Task 0 => Loss 1.460, Test_accy 55.230
2026-03-16 13:42:38,898 [dce.py] => Stage2 Task 0 => Loss 1.300, Test_accy 44.830
2026-03-16 13:42:44,231 [dce.py] => Stage2 Task 0 => Loss 1.294, Test_accy 53.200
2026-03-16 13:42:49,564 [dce.py] => Stage2 Task 0 => Loss 1.272, Test_accy 50.230
2026-03-16 13:42:54,897 [dce.py] => Stage2 Task 0 => Loss 1.296, Test_accy 49.120
2026-03-16 13:43:00,228 [dce.py] => Stage2 Task 0 => Loss 1.256, Test_accy 50.940
2026-03-16 13:43:05,576 [dce.py] => Stage2 Task 0 => Loss 1.248, Test_accy 52.170
2026-03-16 13:43:10,912 [dce.py] => Stage2 Task 0 => Loss 1.286, Test_accy 51.760
2026-03-16 13:43:16,264 [dce.py] => Stage2 Task 0 => Loss 1.262, Test_accy 51.530
2026-03-16 13:43:21,664 [dce.py] => Exemplar size: 0
2026-03-16 13:43:21,664 [trainer.py] => CNN: {'total': 51.53, '0': 51.53, '0_many': 51.61, '0_medium': 27.27, '0_few': -1.0, '00-01': 40.95, '02-03': 68.26, '04-05': 52.77, 'old': 0.0, 'new': 51.53, 'many_shot': np.float64(51.61), 'medium_shot': np.float64(27.27)}
2026-03-16 13:43:21,665 [trainer.py] => CNN top1 curve: [51.53]
2026-03-16 13:43:21,665 [trainer.py] => All params: 107617789
2026-03-16 13:43:21,665 [trainer.py] => Trainable params: 2968710
2026-03-16 13:43:21,666 [dce.py] => Learning on 6-12
2026-03-16 13:43:59,952 [dce.py] => Task 1, Epoch 5/30 => Loss 3.128, Train_accy 61.66, Test_accy 43.59, Test_domain_accy 50.58
2026-03-16 13:44:38,279 [dce.py] => Task 1, Epoch 10/30 => Loss 2.860, Train_accy 64.96, Test_accy 36.62, Test_domain_accy 49.95
2026-03-16 13:45:16,552 [dce.py] => Task 1, Epoch 15/30 => Loss 2.759, Train_accy 66.04, Test_accy 39.37, Test_domain_accy 50.26
2026-03-16 13:45:54,812 [dce.py] => Task 1, Epoch 20/30 => Loss 2.713, Train_accy 67.06, Test_accy 38.78, Test_domain_accy 49.95
2026-03-16 13:45:54,812 [dce.py] => Task 1, Epoch 20/30 => Loss 2.713, Train_accy 67.06, Test_accy 38.78, Test_domain_accy 49.95
2026-03-16 13:46:13,644 [dce.py] => Stage2 Task 1 => Loss 1.728, Test_accy 46.480
2026-03-16 13:46:20,326 [dce.py] => Stage2 Task 1 => Loss 1.308, Test_accy 52.880
2026-03-16 13:46:27,006 [dce.py] => Stage2 Task 1 => Loss 1.304, Test_accy 53.520
2026-03-16 13:46:33,698 [dce.py] => Stage2 Task 1 => Loss 1.264, Test_accy 51.870
2026-03-16 13:46:40,398 [dce.py] => Stage2 Task 1 => Loss 1.261, Test_accy 50.950
2026-03-16 13:46:47,090 [dce.py] => Stage2 Task 1 => Loss 1.254, Test_accy 50.860
2026-03-16 13:46:53,776 [dce.py] => Stage2 Task 1 => Loss 1.237, Test_accy 52.210
2026-03-16 13:47:00,462 [dce.py] => Stage2 Task 1 => Loss 1.225, Test_accy 50.360
2026-03-16 13:47:07,150 [dce.py] => Stage2 Task 1 => Loss 1.199, Test_accy 50.260
2026-03-16 13:47:13,808 [dce.py] => Stage2 Task 1 => Loss 1.216, Test_accy 50.060
2026-03-16 13:47:20,503 [dce.py] => Exemplar size: 0
2026-03-16 13:47:20,504 [trainer.py] => CNN: {'total': 50.06, '0': 49.68, '0_many': 49.75, '0_medium': 27.27, '0_few': -1.0, '1': 51.41, '1_many': 51.41, '1_medium': -1.0, '1_few': -1.0, '00-01': 25.89, '02-03': 69.74, '04-05': 58.98, '06-07': 51.63, '08-09': 59.29, '10-11': 46.93, 'old': 49.68, 'new': 51.41, 'many_shot': np.float64(50.58), 'medium_shot': np.float64(27.27)}
2026-03-16 13:47:20,504 [trainer.py] => CNN top1 curve: [51.53, 50.06]
2026-03-16 13:47:20,504 [trainer.py] => All params: 107618944
2026-03-16 13:47:20,504 [trainer.py] => Trainable params: 2962185
2026-03-16 13:47:20,505 [dce.py] => Learning on 12-18
2026-03-16 13:48:30,845 [dce.py] => Task 2, Epoch 5/30 => Loss 3.295, Train_accy 57.13, Test_accy 47.74, Test_domain_accy 47.21
2026-03-16 13:49:41,061 [dce.py] => Task 2, Epoch 10/30 => Loss 3.114, Train_accy 60.35, Test_accy 45.41, Test_domain_accy 48.75
2026-03-16 13:50:51,344 [dce.py] => Task 2, Epoch 15/30 => Loss 2.932, Train_accy 63.10, Test_accy 44.68, Test_domain_accy 49.05
2026-03-16 13:52:01,530 [dce.py] => Task 2, Epoch 20/30 => Loss 2.827, Train_accy 64.59, Test_accy 46.09, Test_domain_accy 50.13
2026-03-16 13:52:01,531 [dce.py] => Task 2, Epoch 20/30 => Loss 2.827, Train_accy 64.59, Test_accy 46.09, Test_domain_accy 50.13
2026-03-16 13:52:24,593 [dce.py] => Stage2 Task 2 => Loss 1.793, Test_accy 47.820
2026-03-16 13:52:33,984 [dce.py] => Stage2 Task 2 => Loss 1.373, Test_accy 48.810
2026-03-16 13:52:43,367 [dce.py] => Stage2 Task 2 => Loss 1.324, Test_accy 47.720
2026-03-16 13:52:52,773 [dce.py] => Stage2 Task 2 => Loss 1.282, Test_accy 45.200
2026-03-16 13:53:02,181 [dce.py] => Stage2 Task 2 => Loss 1.285, Test_accy 45.110
2026-03-16 13:53:11,554 [dce.py] => Stage2 Task 2 => Loss 1.285, Test_accy 45.350
2026-03-16 13:53:20,953 [dce.py] => Stage2 Task 2 => Loss 1.256, Test_accy 49.240
2026-03-16 13:53:30,349 [dce.py] => Stage2 Task 2 => Loss 1.266, Test_accy 48.830
2026-03-16 13:53:39,736 [dce.py] => Stage2 Task 2 => Loss 1.249, Test_accy 49.980
2026-03-16 13:53:49,457 [dce.py] => Stage2 Task 2 => Loss 1.238, Test_accy 49.240
2026-03-16 13:53:58,806 [dce.py] => Exemplar size: 0
2026-03-16 13:53:58,806 [trainer.py] => CNN: {'total': 49.24, '0': 48.62, '0_many': 48.69, '0_medium': 27.27, '0_few': -1.0, '1': 49.84, '1_many': 49.84, '1_medium': -1.0, '1_few': -1.0, '2': 50.03, '2_many': 50.15, '2_medium': 14.29, '2_few': -1.0, '00-01': 26.41, '02-03': 68.59, '04-05': 56.85, '06-07': 48.86, '08-09': 57.52, '10-11': 48.68, '12-13': 39.37, '14-15': 45.76, '16-17': 60.94, 'old': 48.89, 'new': 50.03, 'many_shot': np.float64(49.56), 'medium_shot': np.float64(20.78)}
2026-03-16 13:53:58,806 [trainer.py] => CNN top1 curve: [51.53, 50.06, 49.24]
2026-03-16 13:53:58,807 [trainer.py] => All params: 107620099
2026-03-16 13:53:58,807 [trainer.py] => Trainable params: 2963340
2026-03-16 13:53:58,808 [dce.py] => Learning on 18-24
2026-03-16 13:54:58,683 [dce.py] => Task 3, Epoch 5/30 => Loss 2.836, Train_accy 66.27, Test_accy 33.61, Test_domain_accy 48.56
2026-03-16 13:55:58,544 [dce.py] => Task 3, Epoch 10/30 => Loss 2.650, Train_accy 68.45, Test_accy 31.93, Test_domain_accy 48.56
2026-03-16 13:56:58,483 [dce.py] => Task 3, Epoch 15/30 => Loss 2.561, Train_accy 69.35, Test_accy 28.80, Test_domain_accy 49.15
2026-03-16 13:57:58,447 [dce.py] => Task 3, Epoch 20/30 => Loss 2.515, Train_accy 70.52, Test_accy 29.81, Test_domain_accy 49.15
2026-03-16 13:57:58,448 [dce.py] => Task 3, Epoch 20/30 => Loss 2.515, Train_accy 70.52, Test_accy 29.81, Test_domain_accy 49.15
2026-03-16 13:58:20,706 [dce.py] => Stage2 Task 3 => Loss 1.663, Test_accy 48.850
2026-03-16 13:58:32,202 [dce.py] => Stage2 Task 3 => Loss 1.379, Test_accy 45.500
2026-03-16 13:58:43,703 [dce.py] => Stage2 Task 3 => Loss 1.349, Test_accy 44.710
2026-03-16 13:58:55,215 [dce.py] => Stage2 Task 3 => Loss 1.353, Test_accy 46.440
2026-03-16 13:59:06,738 [dce.py] => Stage2 Task 3 => Loss 1.320, Test_accy 46.850
2026-03-16 13:59:18,274 [dce.py] => Stage2 Task 3 => Loss 1.301, Test_accy 41.890
2026-03-16 13:59:29,791 [dce.py] => Stage2 Task 3 => Loss 1.299, Test_accy 44.600
2026-03-16 13:59:41,301 [dce.py] => Stage2 Task 3 => Loss 1.302, Test_accy 47.970
2026-03-16 13:59:52,822 [dce.py] => Stage2 Task 3 => Loss 1.264, Test_accy 46.650
2026-03-16 14:00:04,339 [dce.py] => Stage2 Task 3 => Loss 1.275, Test_accy 46.800
2026-03-16 14:00:15,809 [dce.py] => Exemplar size: 0
2026-03-16 14:00:15,809 [trainer.py] => CNN: {'total': 46.8, '0': 44.45, '0_many': 44.51, '0_medium': 27.27, '0_few': -1.0, '1': 44.08, '1_many': 44.08, '1_medium': -1.0, '1_few': -1.0, '2': 50.64, '2_many': 50.77, '2_medium': 14.29, '2_few': -1.0, '3': 48.82, '3_many': 48.82, '3_medium': -1.0, '3_few': -1.0, '00-01': 21.9, '02-03': 69.08, '04-05': 51.19, '06-07': 41.69, '08-09': 55.75, '10-11': 44.74, '12-13': 40.69, '14-15': 45.76, '16-17': 61.18, '18-19': 50.68, '20-21': 30.77, '22-23': 43.64, 'old': 46.31, 'new': 48.82, 'many_shot': np.float64(47.045), 'medium_shot': np.float64(20.78)}
2026-03-16 14:00:15,809 [trainer.py] => CNN top1 curve: [51.53, 50.06, 49.24, 46.8]
2026-03-16 14:00:15,810 [trainer.py] => All params: 107621254
2026-03-16 14:00:15,810 [trainer.py] => Trainable params: 2964495
2026-03-16 14:00:15,811 [dce.py] => Learning on 24-30
2026-03-16 14:01:46,945 [dce.py] => Task 4, Epoch 5/30 => Loss 3.507, Train_accy 56.34, Test_accy 39.21, Test_domain_accy 41.22
2026-03-16 14:03:18,027 [dce.py] => Task 4, Epoch 10/30 => Loss 3.313, Train_accy 58.97, Test_accy 37.04, Test_domain_accy 43.58
2026-03-16 14:04:49,296 [dce.py] => Task 4, Epoch 15/30 => Loss 3.163, Train_accy 60.89, Test_accy 34.44, Test_domain_accy 44.94
2026-03-16 14:06:20,525 [dce.py] => Task 4, Epoch 20/30 => Loss 3.068, Train_accy 62.50, Test_accy 36.64, Test_domain_accy 45.22
2026-03-16 14:06:20,526 [dce.py] => Task 4, Epoch 20/30 => Loss 3.068, Train_accy 62.50, Test_accy 36.64, Test_domain_accy 45.22
2026-03-16 14:06:51,940 [dce.py] => Stage2 Task 4 => Loss 1.708, Test_accy 48.240
2026-03-16 14:07:06,899 [dce.py] => Stage2 Task 4 => Loss 1.420, Test_accy 48.710
2026-03-16 14:07:21,891 [dce.py] => Stage2 Task 4 => Loss 1.390, Test_accy 44.950
2026-03-16 14:07:36,906 [dce.py] => Stage2 Task 4 => Loss 1.383, Test_accy 48.430
2026-03-16 14:07:51,891 [dce.py] => Stage2 Task 4 => Loss 1.357, Test_accy 47.840
2026-03-16 14:08:06,866 [dce.py] => Stage2 Task 4 => Loss 1.335, Test_accy 47.790
2026-03-16 14:08:21,853 [dce.py] => Stage2 Task 4 => Loss 1.342, Test_accy 46.640
2026-03-16 14:08:36,848 [dce.py] => Stage2 Task 4 => Loss 1.334, Test_accy 46.800
2026-03-16 14:08:51,852 [dce.py] => Stage2 Task 4 => Loss 1.312, Test_accy 46.570
2026-03-16 14:09:06,827 [dce.py] => Stage2 Task 4 => Loss 1.318, Test_accy 46.730
2026-03-16 14:09:21,727 [dce.py] => Exemplar size: 0
2026-03-16 14:09:21,727 [trainer.py] => CNN: {'total': 46.73, '0': 46.18, '0_many': 46.27, '0_medium': 18.18, '0_few': -1.0, '1': 46.6, '1_many': 46.6, '1_medium': -1.0, '1_few': -1.0, '2': 49.57, '2_many': 49.69, '2_medium': 14.29, '2_few': -1.0, '3': 48.37, '3_many': 48.37, '3_medium': -1.0, '3_few': -1.0, '4': 44.3, '4_many': 44.3, '4_medium': -1.0, '4_few': -1.0, '00-01': 23.98, '02-03': 71.55, '04-05': 52.4, '06-07': 45.6, '08-09': 63.72, '10-11': 40.79, '12-13': 38.84, '14-15': 47.88, '16-17': 59.56, '18-19': 50.23, '20-21': 31.73, '22-23': 41.82, '24-25': 44.28, '26-27': 42.35, '28-29': 44.91, 'old': 47.5, 'new': 44.3, 'many_shot': np.float64(47.04600000000001), 'medium_shot': np.float64(16.235)}
2026-03-16 14:09:21,728 [trainer.py] => CNN top1 curve: [51.53, 50.06, 49.24, 46.8, 46.73]
