2026-03-16 10:14:05,887 [trainer.py] => prefix: reproduce
2026-03-16 10:14:05,887 [trainer.py] => dataset: deforest_dil
2026-03-16 10:14:05,887 [trainer.py] => data_path: /home/rizal/rizal_projects/DeforestDIL/datasets/deforest_dil
2026-03-16 10:14:05,887 [trainer.py] => memory_size: 0
2026-03-16 10:14:05,888 [trainer.py] => memory_per_class: 0
2026-03-16 10:14:05,888 [trainer.py] => fixed_memory: True
2026-03-16 10:14:05,888 [trainer.py] => shuffle: False
2026-03-16 10:14:05,888 [trainer.py] => init_cls: 6
2026-03-16 10:14:05,888 [trainer.py] => increment: 6
2026-03-16 10:14:05,888 [trainer.py] => model_name: dce
2026-03-16 10:14:05,888 [trainer.py] => net_type: dce
2026-03-16 10:14:05,888 [trainer.py] => embd_dim: 768
2026-03-16 10:14:05,888 [trainer.py] => prompt_length: 10
2026-03-16 10:14:05,888 [trainer.py] => total_sessions: 6
2026-03-16 10:14:05,888 [trainer.py] => device: [device(type='cuda')]
2026-03-16 10:14:05,888 [trainer.py] => seed: 1993
2026-03-16 10:14:05,888 [trainer.py] => EPSILON: 1e-08
2026-03-16 10:14:05,888 [trainer.py] => init_epoch: 30
2026-03-16 10:14:05,888 [trainer.py] => init_lr: 0.01
2026-03-16 10:14:05,888 [trainer.py] => init_lr_decay: 0.1
2026-03-16 10:14:05,888 [trainer.py] => init_weight_decay: 0.0005
2026-03-16 10:14:05,889 [trainer.py] => epochs: 20
2026-03-16 10:14:05,889 [trainer.py] => lrate: 0.01
2026-03-16 10:14:05,889 [trainer.py] => lrate_decay: 0.1
2026-03-16 10:14:05,889 [trainer.py] => batch_size: 128
2026-03-16 10:14:05,889 [trainer.py] => weight_decay: 0.0002
2026-03-16 10:14:05,889 [trainer.py] => num_workers: 8
2026-03-16 10:14:05,889 [trainer.py] => loss_type: ce
2026-03-16 10:14:05,889 [trainer.py] => config: configs/deforest_dil.json
2026-03-16 10:14:05,889 [trainer.py] => project_name: 
2026-03-16 10:14:05,889 [trainer.py] => order: 1
2026-03-16 10:14:05,889 [trainer.py] => logdir: logs_default
2026-03-16 10:14:05,889 [trainer.py] => temp: 1
2026-03-16 10:14:05,889 [trainer.py] => bal_epoch: 10
2026-03-16 10:14:05,889 [trainer.py] => prompt_type: one
2026-03-16 10:14:05,889 [trainer.py] => margin_sample_num: 10
2026-03-16 10:14:05,889 [trainer.py] => 21k: 0
2026-03-16 10:14:05,889 [trainer.py] => save_model: 0
2026-03-16 10:14:05,890 [trainer.py] => out_dir: /home/rizal/rizal_projects/DCE/wandb/offline-run-20260316_101405-2baddn9f/files
2026-03-16 10:14:05,947 [data_manager.py] => [0, 1, 2, 3, 4, 5, 6, 7, 8, 9, 10, 11, 12, 13, 14, 15, 16, 17, 18, 19, 20, 21, 22, 23, 24, 25, 26, 27, 28, 29]
2026-03-16 10:14:06,343 [_builder.py] => Loading pretrained weights from Hugging Face hub (timm/vit_base_patch16_224.augreg2_in21k_ft_in1k)
2026-03-16 10:14:06,625 [_client.py] => HTTP Request: HEAD https://huggingface.co/timm/vit_base_patch16_224.augreg2_in21k_ft_in1k/resolve/main/model.safetensors "HTTP/1.1 302 Found"
2026-03-16 10:14:06,626 [_hub.py] => [timm/vit_base_patch16_224.augreg2_in21k_ft_in1k] Safe alternative available for 'pytorch_model.bin' (as 'model.safetensors'). Loading weights using safetensors.
2026-03-16 10:14:06,645 [_builder.py] => Missing keys (cls_token_grow, pos_embed_grow) discovered while loading pretrained weights. This is expected if model is being adapted.
2026-03-16 10:14:06,688 [trainer.py] => All params: 107321338
2026-03-16 10:14:06,688 [trainer.py] => Trainable params: 107321338
2026-03-16 10:14:06,689 [dce.py] => Learning on 0-6
2026-03-16 10:17:27,787 [dce.py] => Task 0, Epoch 5/30 => Loss 3.134, Train_accy 57.27, Test_accy 50.77, Test_domain_accy 50.77
2026-03-16 10:20:49,563 [dce.py] => Task 0, Epoch 10/30 => Loss 2.986, Train_accy 59.99, Test_accy 46.97, Test_domain_accy 46.97
2026-03-16 10:24:11,543 [dce.py] => Task 0, Epoch 15/30 => Loss 2.873, Train_accy 62.38, Test_accy 49.34, Test_domain_accy 49.34
2026-03-16 10:27:33,529 [dce.py] => Task 0, Epoch 20/30 => Loss 2.747, Train_accy 63.76, Test_accy 48.00, Test_domain_accy 48.00
2026-03-16 10:30:55,651 [dce.py] => Task 0, Epoch 25/30 => Loss 2.612, Train_accy 66.10, Test_accy 46.74, Test_domain_accy 46.74
2026-03-16 10:34:17,707 [dce.py] => Task 0, Epoch 30/30 => Loss 2.548, Train_accy 67.68, Test_accy 49.55, Test_domain_accy 49.55
2026-03-16 10:34:17,708 [dce.py] => Task 0, Epoch 30/30 => Loss 2.548, Train_accy 67.68, Test_accy 49.55, Test_domain_accy 49.55
2026-03-16 10:34:44,235 [dce.py] => Stage2 Task 0 => Loss 2.762, Test_accy 48.470
2026-03-16 10:34:49,615 [dce.py] => Stage2 Task 0 => Loss 1.492, Test_accy 55.130
2026-03-16 10:34:54,944 [dce.py] => Stage2 Task 0 => Loss 1.330, Test_accy 42.060
2026-03-16 10:35:00,275 [dce.py] => Stage2 Task 0 => Loss 1.323, Test_accy 51.420
2026-03-16 10:35:05,627 [dce.py] => Stage2 Task 0 => Loss 1.308, Test_accy 50.450
2026-03-16 10:35:10,988 [dce.py] => Stage2 Task 0 => Loss 1.313, Test_accy 46.710
2026-03-16 10:35:16,351 [dce.py] => Stage2 Task 0 => Loss 1.281, Test_accy 50.190
2026-03-16 10:35:21,689 [dce.py] => Stage2 Task 0 => Loss 1.271, Test_accy 51.150
2026-03-16 10:35:27,062 [dce.py] => Stage2 Task 0 => Loss 1.293, Test_accy 50.660
2026-03-16 10:35:32,394 [dce.py] => Stage2 Task 0 => Loss 1.265, Test_accy 50.450
2026-03-16 10:35:37,748 [dce.py] => Exemplar size: 0
2026-03-16 10:35:37,748 [trainer.py] => CNN: {'total': 50.45, '0': 50.45, '0_many': 50.53, '0_medium': 27.27, '0_few': -1.0, '00-01': 42.69, '02-03': 67.54, '04-05': 49.61, 'old': 0.0, 'new': 50.45, 'many_shot': np.float64(50.53), 'medium_shot': np.float64(27.27)}
2026-03-16 10:35:37,748 [trainer.py] => CNN top1 curve: [50.45]
2026-03-16 10:35:37,749 [trainer.py] => All params: 107617789
2026-03-16 10:35:37,749 [trainer.py] => Trainable params: 2968710
2026-03-16 10:35:37,750 [dce.py] => Learning on 6-12
2026-03-16 10:36:17,068 [dce.py] => Task 1, Epoch 5/30 => Loss 3.196, Train_accy 60.74, Test_accy 39.16, Test_domain_accy 47.68
2026-03-16 10:36:56,376 [dce.py] => Task 1, Epoch 10/30 => Loss 2.948, Train_accy 63.29, Test_accy 36.94, Test_domain_accy 47.98
2026-03-16 10:37:35,637 [dce.py] => Task 1, Epoch 15/30 => Loss 2.825, Train_accy 65.23, Test_accy 38.36, Test_domain_accy 48.39
2026-03-16 10:38:14,882 [dce.py] => Task 1, Epoch 20/30 => Loss 2.790, Train_accy 65.89, Test_accy 38.32, Test_domain_accy 48.49
2026-03-16 10:38:14,883 [dce.py] => Task 1, Epoch 20/30 => Loss 2.790, Train_accy 65.89, Test_accy 38.32, Test_domain_accy 48.49
2026-03-16 10:38:29,946 [dce.py] => Stage2 Task 1 => Loss 1.957, Test_accy 43.370
2026-03-16 10:38:36,670 [dce.py] => Stage2 Task 1 => Loss 1.416, Test_accy 49.900
2026-03-16 10:38:43,414 [dce.py] => Stage2 Task 1 => Loss 1.396, Test_accy 53.070
2026-03-16 10:38:50,133 [dce.py] => Stage2 Task 1 => Loss 1.373, Test_accy 53.160
2026-03-16 10:38:56,880 [dce.py] => Stage2 Task 1 => Loss 1.361, Test_accy 49.240
2026-03-16 10:39:03,626 [dce.py] => Stage2 Task 1 => Loss 1.365, Test_accy 49.850
2026-03-16 10:39:10,387 [dce.py] => Stage2 Task 1 => Loss 1.360, Test_accy 51.710
2026-03-16 10:39:17,123 [dce.py] => Stage2 Task 1 => Loss 1.331, Test_accy 51.300
2026-03-16 10:39:23,871 [dce.py] => Stage2 Task 1 => Loss 1.315, Test_accy 51.670
2026-03-16 10:39:30,613 [dce.py] => Stage2 Task 1 => Loss 1.315, Test_accy 50.740
2026-03-16 10:39:37,325 [dce.py] => Exemplar size: 0
2026-03-16 10:39:37,325 [trainer.py] => CNN: {'total': 50.74, '0': 49.99, '0_many': 50.03, '0_medium': 36.36, '0_few': -1.0, '1': 53.33, '1_many': 53.33, '1_medium': -1.0, '1_few': -1.0, '00-01': 29.0, '02-03': 65.9, '04-05': 58.88, '06-07': 52.97, '08-09': 61.74, '10-11': 50.21, 'old': 49.99, 'new': 53.33, 'many_shot': np.float64(51.68), 'medium_shot': np.float64(36.36)}
2026-03-16 10:39:37,325 [trainer.py] => CNN top1 curve: [50.45, 50.74]
2026-03-16 10:39:37,326 [trainer.py] => All params: 107618944
2026-03-16 10:39:37,326 [trainer.py] => Trainable params: 2962185
2026-03-16 10:39:37,327 [dce.py] => Learning on 12-18
2026-03-16 10:40:47,844 [dce.py] => Task 2, Epoch 5/30 => Loss 3.312, Train_accy 57.15, Test_accy 45.79, Test_domain_accy 45.01
2026-03-16 10:41:58,392 [dce.py] => Task 2, Epoch 10/30 => Loss 3.136, Train_accy 59.43, Test_accy 42.81, Test_domain_accy 46.65
2026-03-16 10:43:08,988 [dce.py] => Task 2, Epoch 15/30 => Loss 2.956, Train_accy 62.26, Test_accy 42.79, Test_domain_accy 47.26
2026-03-16 10:44:19,984 [dce.py] => Task 2, Epoch 20/30 => Loss 2.866, Train_accy 64.12, Test_accy 43.77, Test_domain_accy 47.83
2026-03-16 10:44:19,985 [dce.py] => Task 2, Epoch 20/30 => Loss 2.866, Train_accy 64.12, Test_accy 43.77, Test_domain_accy 47.83
2026-03-16 10:44:43,748 [dce.py] => Stage2 Task 2 => Loss 1.834, Test_accy 42.960
2026-03-16 10:44:53,274 [dce.py] => Stage2 Task 2 => Loss 1.435, Test_accy 48.980
2026-03-16 10:45:02,791 [dce.py] => Stage2 Task 2 => Loss 1.397, Test_accy 45.850
2026-03-16 10:45:12,332 [dce.py] => Stage2 Task 2 => Loss 1.364, Test_accy 48.710
2026-03-16 10:45:21,852 [dce.py] => Stage2 Task 2 => Loss 1.367, Test_accy 47.740
2026-03-16 10:45:31,410 [dce.py] => Stage2 Task 2 => Loss 1.329, Test_accy 45.850
2026-03-16 10:45:40,899 [dce.py] => Stage2 Task 2 => Loss 1.326, Test_accy 49.340
2026-03-16 10:45:50,427 [dce.py] => Stage2 Task 2 => Loss 1.316, Test_accy 47.880
2026-03-16 10:45:59,947 [dce.py] => Stage2 Task 2 => Loss 1.302, Test_accy 49.860
2026-03-16 10:46:09,455 [dce.py] => Stage2 Task 2 => Loss 1.296, Test_accy 48.790
2026-03-16 10:46:18,962 [dce.py] => Exemplar size: 0
2026-03-16 10:46:18,963 [trainer.py] => CNN: {'total': 48.79, '0': 48.49, '0_many': 48.56, '0_medium': 27.27, '0_few': -1.0, '1': 49.4, '1_many': 49.4, '1_medium': -1.0, '1_few': -1.0, '2': 49.0, '2_many': 49.13, '2_medium': 14.29, '2_few': -1.0, '00-01': 29.43, '02-03': 66.39, '04-05': 55.31, '06-07': 47.66, '08-09': 60.87, '10-11': 48.52, '12-13': 37.65, '14-15': 48.18, '16-17': 59.22, 'old': 48.7, 'new': 49.0, 'many_shot': np.float64(49.03), 'medium_shot': np.float64(20.78)}
2026-03-16 10:46:18,963 [trainer.py] => CNN top1 curve: [50.45, 50.74, 48.79]
2026-03-16 10:46:18,963 [trainer.py] => All params: 107620099
2026-03-16 10:46:18,963 [trainer.py] => Trainable params: 2963340
2026-03-16 10:46:18,964 [dce.py] => Learning on 18-24
2026-03-16 10:47:19,292 [dce.py] => Task 3, Epoch 5/30 => Loss 2.873, Train_accy 65.11, Test_accy 31.97, Test_domain_accy 49.08
2026-03-16 10:48:19,565 [dce.py] => Task 3, Epoch 10/30 => Loss 2.680, Train_accy 67.66, Test_accy 30.96, Test_domain_accy 49.54
2026-03-16 10:49:19,883 [dce.py] => Task 3, Epoch 15/30 => Loss 2.584, Train_accy 68.74, Test_accy 28.91, Test_domain_accy 49.28
2026-03-16 10:50:20,089 [dce.py] => Task 3, Epoch 20/30 => Loss 2.548, Train_accy 69.41, Test_accy 29.37, Test_domain_accy 49.35
2026-03-16 10:50:20,090 [dce.py] => Task 3, Epoch 20/30 => Loss 2.548, Train_accy 69.41, Test_accy 29.37, Test_domain_accy 49.35
2026-03-16 10:50:43,683 [dce.py] => Stage2 Task 3 => Loss 1.720, Test_accy 48.400
2026-03-16 10:50:55,259 [dce.py] => Stage2 Task 3 => Loss 1.426, Test_accy 44.470
2026-03-16 10:51:06,835 [dce.py] => Stage2 Task 3 => Loss 1.401, Test_accy 45.860
2026-03-16 10:51:18,447 [dce.py] => Stage2 Task 3 => Loss 1.398, Test_accy 43.660
2026-03-16 10:51:30,047 [dce.py] => Stage2 Task 3 => Loss 1.363, Test_accy 43.800
2026-03-16 10:51:41,660 [dce.py] => Stage2 Task 3 => Loss 1.350, Test_accy 40.450
2026-03-16 10:51:53,260 [dce.py] => Stage2 Task 3 => Loss 1.362, Test_accy 43.630
2026-03-16 10:52:04,871 [dce.py] => Stage2 Task 3 => Loss 1.355, Test_accy 45.040
2026-03-16 10:52:16,494 [dce.py] => Stage2 Task 3 => Loss 1.320, Test_accy 44.200
2026-03-16 10:52:28,104 [dce.py] => Stage2 Task 3 => Loss 1.329, Test_accy 45.570
2026-03-16 10:52:39,666 [dce.py] => Exemplar size: 0
2026-03-16 10:52:39,667 [trainer.py] => CNN: {'total': 45.57, '0': 44.05, '0_many': 44.08, '0_medium': 36.36, '0_few': -1.0, '1': 38.81, '1_many': 38.81, '1_medium': -1.0, '1_few': -1.0, '2': 50.54, '2_many': 50.72, '2_medium': 0.0, '2_few': -1.0, '3': 46.99, '3_many': 46.99, '3_medium': -1.0, '3_few': -1.0, '00-01': 21.69, '02-03': 69.67, '04-05': 50.33, '06-07': 34.84, '08-09': 64.35, '10-11': 37.13, '12-13': 40.29, '14-15': 48.18, '16-17': 60.37, '18-19': 48.71, '20-21': 30.77, '22-23': 41.82, 'old': 45.23, 'new': 46.99, 'many_shot': np.float64(45.150000000000006), 'medium_shot': np.float64(18.18)}
2026-03-16 10:52:39,667 [trainer.py] => CNN top1 curve: [50.45, 50.74, 48.79, 45.57]
2026-03-16 10:52:39,667 [trainer.py] => All params: 107621254
2026-03-16 10:52:39,668 [trainer.py] => Trainable params: 2964495
2026-03-16 10:52:39,669 [dce.py] => Learning on 24-30
2026-03-16 10:54:11,949 [dce.py] => Task 4, Epoch 5/30 => Loss 3.583, Train_accy 55.52, Test_accy 34.31, Test_domain_accy 40.68
2026-03-16 10:55:44,127 [dce.py] => Task 4, Epoch 10/30 => Loss 3.352, Train_accy 58.23, Test_accy 32.82, Test_domain_accy 41.91
2026-03-16 10:57:16,317 [dce.py] => Task 4, Epoch 15/30 => Loss 3.195, Train_accy 60.35, Test_accy 36.55, Test_domain_accy 43.58
2026-03-16 10:58:48,475 [dce.py] => Task 4, Epoch 20/30 => Loss 3.100, Train_accy 61.80, Test_accy 35.77, Test_domain_accy 44.21
2026-03-16 10:58:48,476 [dce.py] => Task 4, Epoch 20/30 => Loss 3.100, Train_accy 61.80, Test_accy 35.77, Test_domain_accy 44.21
2026-03-16 10:59:21,875 [dce.py] => Stage2 Task 4 => Loss 1.802, Test_accy 47.010
2026-03-16 10:59:37,013 [dce.py] => Stage2 Task 4 => Loss 1.471, Test_accy 48.120
2026-03-16 10:59:52,176 [dce.py] => Stage2 Task 4 => Loss 1.442, Test_accy 44.950
2026-03-16 11:00:07,361 [dce.py] => Stage2 Task 4 => Loss 1.425, Test_accy 46.230
2026-03-16 11:00:22,554 [dce.py] => Stage2 Task 4 => Loss 1.400, Test_accy 45.300
2026-03-16 11:00:37,718 [dce.py] => Stage2 Task 4 => Loss 1.381, Test_accy 46.290
2026-03-16 11:00:52,927 [dce.py] => Stage2 Task 4 => Loss 1.377, Test_accy 45.640
2026-03-16 11:01:08,096 [dce.py] => Stage2 Task 4 => Loss 1.367, Test_accy 44.850
2026-03-16 11:01:23,284 [dce.py] => Stage2 Task 4 => Loss 1.358, Test_accy 44.060
2026-03-16 11:01:38,443 [dce.py] => Stage2 Task 4 => Loss 1.363, Test_accy 44.670
2026-03-16 11:01:53,541 [dce.py] => Exemplar size: 0
2026-03-16 11:01:53,541 [trainer.py] => CNN: {'total': 44.67, '0': 43.55, '0_many': 43.61, '0_medium': 27.27, '0_few': -1.0, '1': 44.96, '1_many': 44.96, '1_medium': -1.0, '1_few': -1.0, '2': 48.18, '2_many': 48.36, '2_medium': 0.0, '2_few': -1.0, '3': 48.3, '3_many': 48.3, '3_medium': -1.0, '3_few': -1.0, '4': 41.15, '4_many': 41.15, '4_medium': -1.0, '4_few': -1.0, '00-01': 23.32, '02-03': 69.34, '04-05': 48.27, '06-07': 43.44, '08-09': 68.7, '10-11': 37.55, '12-13': 38.18, '14-15': 44.55, '16-17': 58.29, '18-19': 50.15, '20-21': 31.73, '22-23': 41.82, '24-25': 39.73, '26-27': 37.74, '28-29': 44.51, 'old': 45.8, 'new': 41.15, 'many_shot': np.float64(45.276), 'medium_shot': np.float64(13.635)}
2026-03-16 11:01:53,542 [trainer.py] => CNN top1 curve: [50.45, 50.74, 48.79, 45.57, 44.67]
