2026-03-17 09:47:24,326 [trainer.py] => prefix: reproduce
2026-03-17 09:47:24,326 [trainer.py] => dataset: deforest_dil
2026-03-17 09:47:24,326 [trainer.py] => data_path: /home/rizal/rizal_projects/DeforestDIL/datasets/deforest_dil
2026-03-17 09:47:24,327 [trainer.py] => memory_size: 0
2026-03-17 09:47:24,327 [trainer.py] => memory_per_class: 0
2026-03-17 09:47:24,327 [trainer.py] => fixed_memory: True
2026-03-17 09:47:24,327 [trainer.py] => shuffle: False
2026-03-17 09:47:24,327 [trainer.py] => init_cls: 6
2026-03-17 09:47:24,327 [trainer.py] => increment: 6
2026-03-17 09:47:24,327 [trainer.py] => model_name: dce
2026-03-17 09:47:24,327 [trainer.py] => net_type: dce
2026-03-17 09:47:24,328 [trainer.py] => embd_dim: 768
2026-03-17 09:47:24,328 [trainer.py] => prompt_length: 10
2026-03-17 09:47:24,328 [trainer.py] => total_sessions: 6
2026-03-17 09:47:24,328 [trainer.py] => device: [device(type='cuda')]
2026-03-17 09:47:24,328 [trainer.py] => seed: 1993
2026-03-17 09:47:24,328 [trainer.py] => EPSILON: 1e-08
2026-03-17 09:47:24,328 [trainer.py] => init_epoch: 30
2026-03-17 09:47:24,329 [trainer.py] => init_lr: 0.01
2026-03-17 09:47:24,329 [trainer.py] => init_lr_decay: 0.1
2026-03-17 09:47:24,329 [trainer.py] => init_weight_decay: 0.0005
2026-03-17 09:47:24,329 [trainer.py] => epochs: 20
2026-03-17 09:47:24,329 [trainer.py] => lrate: 0.01
2026-03-17 09:47:24,329 [trainer.py] => lrate_decay: 0.1
2026-03-17 09:47:24,329 [trainer.py] => batch_size: 128
2026-03-17 09:47:24,329 [trainer.py] => weight_decay: 0.0002
2026-03-17 09:47:24,330 [trainer.py] => num_workers: 8
2026-03-17 09:47:24,330 [trainer.py] => loss_type: ce
2026-03-17 09:47:24,330 [trainer.py] => config: configs/deforest_dil.json
2026-03-17 09:47:24,330 [trainer.py] => project_name: 
2026-03-17 09:47:24,330 [trainer.py] => order: 1
2026-03-17 09:47:24,330 [trainer.py] => logdir: logs_default
2026-03-17 09:47:24,330 [trainer.py] => temp: 1
2026-03-17 09:47:24,330 [trainer.py] => bal_epoch: 10
2026-03-17 09:47:24,330 [trainer.py] => prompt_type: one
2026-03-17 09:47:24,331 [trainer.py] => margin_sample_num: 10
2026-03-17 09:47:24,331 [trainer.py] => 21k: 0
2026-03-17 09:47:24,331 [trainer.py] => save_model: 0
2026-03-17 09:47:24,331 [trainer.py] => out_dir: /home/rizal/rizal_projects/DCE/wandb/offline-run-20260317_094723-yio13l6q/files
2026-03-17 09:47:24,394 [data_manager.py] => [0, 1, 2, 3, 4, 5, 6, 7, 8, 9, 10, 11, 12, 13, 14, 15, 16, 17, 18, 19, 20, 21, 22, 23, 24, 25, 26, 27, 28, 29]
